30-Oct-2021 11:32:47.856 정보 [main] org.apache.catalina.startup.VersionLoggerListener.log 서버 버전 이름:    Apache Tomcat/8.5.72
30-Oct-2021 11:32:47.866 정보 [main] org.apache.catalina.startup.VersionLoggerListener.log Server 빌드 시각:  Oct 1 2021 15:15:33 UTC
30-Oct-2021 11:32:47.866 정보 [main] org.apache.catalina.startup.VersionLoggerListener.log Server 버전 번호:  8.5.72.0
30-Oct-2021 11:32:47.866 정보 [main] org.apache.catalina.startup.VersionLoggerListener.log 운영체제 이름:     Windows 10
30-Oct-2021 11:32:47.866 정보 [main] org.apache.catalina.startup.VersionLoggerListener.log 운영체제 버전:     10.0
30-Oct-2021 11:32:47.866 정보 [main] org.apache.catalina.startup.VersionLoggerListener.log 아키텍처:          amd64
30-Oct-2021 11:32:47.866 정보 [main] org.apache.catalina.startup.VersionLoggerListener.log 자바 홈:           C:\Program Files\Java\jdk1.8.0_311\jre
30-Oct-2021 11:32:47.866 정보 [main] org.apache.catalina.startup.VersionLoggerListener.log JVM 버전:          1.8.0_311-b11
30-Oct-2021 11:32:47.866 정보 [main] org.apache.catalina.startup.VersionLoggerListener.log JVM 벤더:          Oracle Corporation
30-Oct-2021 11:32:47.866 정보 [main] org.apache.catalina.startup.VersionLoggerListener.log CATALINA_BASE:     C:\JSP\apache-tomcat-8.5.72
30-Oct-2021 11:32:47.866 정보 [main] org.apache.catalina.startup.VersionLoggerListener.log CATALINA_HOME:     C:\JSP\apache-tomcat-8.5.72
30-Oct-2021 11:32:47.866 정보 [main] org.apache.catalina.startup.VersionLoggerListener.log 명령 행 아규먼트:  -Djava.util.logging.config.file=C:\JSP\apache-tomcat-8.5.72\conf\logging.properties
30-Oct-2021 11:32:47.866 정보 [main] org.apache.catalina.startup.VersionLoggerListener.log 명령 행 아규먼트:  -Djava.util.logging.manager=org.apache.juli.ClassLoaderLogManager
30-Oct-2021 11:32:47.866 정보 [main] org.apache.catalina.startup.VersionLoggerListener.log 명령 행 아규먼트:  -Djdk.tls.ephemeralDHKeySize=2048
30-Oct-2021 11:32:47.866 정보 [main] org.apache.catalina.startup.VersionLoggerListener.log 명령 행 아규먼트:  -Djava.protocol.handler.pkgs=org.apache.catalina.webresources
30-Oct-2021 11:32:47.866 정보 [main] org.apache.catalina.startup.VersionLoggerListener.log 명령 행 아규먼트:  -Dignore.endorsed.dirs=
30-Oct-2021 11:32:47.866 정보 [main] org.apache.catalina.startup.VersionLoggerListener.log 명령 행 아규먼트:  -Dcatalina.base=C:\JSP\apache-tomcat-8.5.72
30-Oct-2021 11:32:47.866 정보 [main] org.apache.catalina.startup.VersionLoggerListener.log 명령 행 아규먼트:  -Dcatalina.home=C:\JSP\apache-tomcat-8.5.72
30-Oct-2021 11:32:47.866 정보 [main] org.apache.catalina.startup.VersionLoggerListener.log 명령 행 아규먼트:  -Djava.io.tmpdir=C:\JSP\apache-tomcat-8.5.72\temp
30-Oct-2021 11:32:47.866 정보 [main] org.apache.catalina.core.AprLifecycleListener.lifecycleEvent APR 버전 [1.7.0]을(를) 사용한, APR 기반 Apache Tomcat Native 라이브러리 [1.2.31]을(를) 로드했습니다.
30-Oct-2021 11:32:47.866 정보 [main] org.apache.catalina.core.AprLifecycleListener.lifecycleEvent APR 용량정보들: IPv6 [true], sendfile [true], accept filters [false], random [true].
30-Oct-2021 11:32:47.866 정보 [main] org.apache.catalina.core.AprLifecycleListener.lifecycleEvent APR/OpenSSL 설정: useAprConnector [false], useOpenSSL [true]
30-Oct-2021 11:32:47.866 정보 [main] org.apache.catalina.core.AprLifecycleListener.initializeSSL OpenSSL이 성공적으로 초기화되었습니다: [OpenSSL 1.1.1l  24 Aug 2021]
30-Oct-2021 11:32:48.043 정보 [main] org.apache.coyote.AbstractProtocol.init 프로토콜 핸들러 ["http-nio-8080"]을(를) 초기화합니다.
30-Oct-2021 11:32:49.649 정보 [main] org.apache.tomcat.util.net.NioSelectorPool.getSharedSelector Using a shared selector for servlet write/read
30-Oct-2021 11:32:49.661 정보 [main] org.apache.catalina.startup.Catalina.load Initialization processed in 2944 ms
30-Oct-2021 11:32:49.759 정보 [main] org.apache.catalina.core.StandardService.startInternal 서비스 [Catalina]을(를) 시작합니다.
30-Oct-2021 11:32:49.762 정보 [main] org.apache.catalina.core.StandardEngine.startInternal 서버 엔진을 시작합니다: [Apache Tomcat/8.5.72]
30-Oct-2021 11:32:49.772 정보 [localhost-startStop-1] org.apache.catalina.startup.HostConfig.deployDirectory 웹 애플리케이션 디렉토리 [C:\JSP\apache-tomcat-8.5.72\webapps\docs]을(를) 배치합니다.
30-Oct-2021 11:32:50.032 정보 [localhost-startStop-1] org.apache.catalina.startup.HostConfig.deployDirectory 웹 애플리케이션 디렉토리 [C:\JSP\apache-tomcat-8.5.72\webapps\docs]에 대한 배치가 [259] 밀리초에 완료되었습니다.
30-Oct-2021 11:32:50.049 정보 [localhost-startStop-1] org.apache.catalina.startup.HostConfig.deployDirectory 웹 애플리케이션 디렉토리 [C:\JSP\apache-tomcat-8.5.72\webapps\examples]을(를) 배치합니다.
30-Oct-2021 11:32:50.423 정보 [localhost-startStop-1] org.apache.catalina.startup.HostConfig.deployDirectory 웹 애플리케이션 디렉토리 [C:\JSP\apache-tomcat-8.5.72\webapps\examples]에 대한 배치가 [374] 밀리초에 완료되었습니다.
30-Oct-2021 11:32:50.423 정보 [localhost-startStop-1] org.apache.catalina.startup.HostConfig.deployDirectory 웹 애플리케이션 디렉토리 [C:\JSP\apache-tomcat-8.5.72\webapps\host-manager]을(를) 배치합니다.
30-Oct-2021 11:32:50.460 정보 [localhost-startStop-1] org.apache.catalina.startup.HostConfig.deployDirectory 웹 애플리케이션 디렉토리 [C:\JSP\apache-tomcat-8.5.72\webapps\host-manager]에 대한 배치가 [37] 밀리초에 완료되었습니다.
30-Oct-2021 11:32:50.460 정보 [localhost-startStop-1] org.apache.catalina.startup.HostConfig.deployDirectory 웹 애플리케이션 디렉토리 [C:\JSP\apache-tomcat-8.5.72\webapps\manager]을(를) 배치합니다.
30-Oct-2021 11:32:50.475 정보 [localhost-startStop-1] org.apache.catalina.startup.HostConfig.deployDirectory 웹 애플리케이션 디렉토리 [C:\JSP\apache-tomcat-8.5.72\webapps\manager]에 대한 배치가 [15] 밀리초에 완료되었습니다.
30-Oct-2021 11:32:50.491 정보 [localhost-startStop-1] org.apache.catalina.startup.HostConfig.deployDirectory 웹 애플리케이션 디렉토리 [C:\JSP\apache-tomcat-8.5.72\webapps\ROOT]을(를) 배치합니다.
30-Oct-2021 11:32:50.507 정보 [localhost-startStop-1] org.apache.catalina.startup.HostConfig.deployDirectory 웹 애플리케이션 디렉토리 [C:\JSP\apache-tomcat-8.5.72\webapps\ROOT]에 대한 배치가 [16] 밀리초에 완료되었습니다.
30-Oct-2021 11:32:50.507 정보 [main] org.apache.coyote.AbstractProtocol.start 프로토콜 핸들러 ["http-nio-8080"]을(를) 시작합니다.
30-Oct-2021 11:32:50.524 정보 [main] org.apache.catalina.startup.Catalina.start Server startup in 863 ms
30-Oct-2021 11:34:20.044 정보 [main] org.apache.catalina.startup.VersionLoggerListener.log 서버 버전 이름:    Apache Tomcat/8.5.72
30-Oct-2021 11:34:20.044 정보 [main] org.apache.catalina.startup.VersionLoggerListener.log Server 빌드 시각:  Oct 1 2021 15:15:33 UTC
30-Oct-2021 11:34:20.044 정보 [main] org.apache.catalina.startup.VersionLoggerListener.log Server 버전 번호:  8.5.72.0
30-Oct-2021 11:34:20.044 정보 [main] org.apache.catalina.startup.VersionLoggerListener.log 운영체제 이름:     Windows 10
30-Oct-2021 11:34:20.044 정보 [main] org.apache.catalina.startup.VersionLoggerListener.log 운영체제 버전:     10.0
30-Oct-2021 11:34:20.044 정보 [main] org.apache.catalina.startup.VersionLoggerListener.log 아키텍처:          amd64
30-Oct-2021 11:34:20.044 정보 [main] org.apache.catalina.startup.VersionLoggerListener.log 자바 홈:           C:\Program Files\Java\jdk1.8.0_311\jre
30-Oct-2021 11:34:20.044 정보 [main] org.apache.catalina.startup.VersionLoggerListener.log JVM 버전:          1.8.0_311-b11
30-Oct-2021 11:34:20.044 정보 [main] org.apache.catalina.startup.VersionLoggerListener.log JVM 벤더:          Oracle Corporation
30-Oct-2021 11:34:20.044 정보 [main] org.apache.catalina.startup.VersionLoggerListener.log CATALINA_BASE:     C:\JSP\apache-tomcat-8.5.72
30-Oct-2021 11:34:20.044 정보 [main] org.apache.catalina.startup.VersionLoggerListener.log CATALINA_HOME:     C:\JSP\apache-tomcat-8.5.72
30-Oct-2021 11:34:20.044 정보 [main] org.apache.catalina.startup.VersionLoggerListener.log 명령 행 아규먼트:  -Djava.util.logging.config.file=C:\JSP\apache-tomcat-8.5.72\conf\logging.properties
30-Oct-2021 11:34:20.044 정보 [main] org.apache.catalina.startup.VersionLoggerListener.log 명령 행 아규먼트:  -Djava.util.logging.manager=org.apache.juli.ClassLoaderLogManager
30-Oct-2021 11:34:20.044 정보 [main] org.apache.catalina.startup.VersionLoggerListener.log 명령 행 아규먼트:  -Djdk.tls.ephemeralDHKeySize=2048
30-Oct-2021 11:34:20.044 정보 [main] org.apache.catalina.startup.VersionLoggerListener.log 명령 행 아규먼트:  -Djava.protocol.handler.pkgs=org.apache.catalina.webresources
30-Oct-2021 11:34:20.044 정보 [main] org.apache.catalina.startup.VersionLoggerListener.log 명령 행 아규먼트:  -Dignore.endorsed.dirs=
30-Oct-2021 11:34:20.044 정보 [main] org.apache.catalina.startup.VersionLoggerListener.log 명령 행 아규먼트:  -Dcatalina.base=C:\JSP\apache-tomcat-8.5.72
30-Oct-2021 11:34:20.044 정보 [main] org.apache.catalina.startup.VersionLoggerListener.log 명령 행 아규먼트:  -Dcatalina.home=C:\JSP\apache-tomcat-8.5.72
30-Oct-2021 11:34:20.044 정보 [main] org.apache.catalina.startup.VersionLoggerListener.log 명령 행 아규먼트:  -Djava.io.tmpdir=C:\JSP\apache-tomcat-8.5.72\temp
30-Oct-2021 11:34:20.044 정보 [main] org.apache.catalina.core.AprLifecycleListener.lifecycleEvent APR 버전 [1.7.0]을(를) 사용한, APR 기반 Apache Tomcat Native 라이브러리 [1.2.31]을(를) 로드했습니다.
30-Oct-2021 11:34:20.044 정보 [main] org.apache.catalina.core.AprLifecycleListener.lifecycleEvent APR 용량정보들: IPv6 [true], sendfile [true], accept filters [false], random [true].
30-Oct-2021 11:34:20.044 정보 [main] org.apache.catalina.core.AprLifecycleListener.lifecycleEvent APR/OpenSSL 설정: useAprConnector [false], useOpenSSL [true]
30-Oct-2021 11:34:20.060 정보 [main] org.apache.catalina.core.AprLifecycleListener.initializeSSL OpenSSL이 성공적으로 초기화되었습니다: [OpenSSL 1.1.1l  24 Aug 2021]
30-Oct-2021 11:34:20.144 정보 [main] org.apache.coyote.AbstractProtocol.init 프로토콜 핸들러 ["http-nio-8080"]을(를) 초기화합니다.
30-Oct-2021 11:34:20.161 심각 [main] org.apache.catalina.core.StandardService.initInternal Failed to initialize connector [Connector[HTTP/1.1-8080]]
	org.apache.catalina.LifecycleException: 프로토콜 핸들러 초기화가 실패했습니다.
		at org.apache.catalina.connector.Connector.initInternal(Connector.java:1076)
		at org.apache.catalina.util.LifecycleBase.init(LifecycleBase.java:136)
		at org.apache.catalina.core.StandardService.initInternal(StandardService.java:552)
		at org.apache.catalina.util.LifecycleBase.init(LifecycleBase.java:136)
		at org.apache.catalina.core.StandardServer.initInternal(StandardServer.java:843)
		at org.apache.catalina.util.LifecycleBase.init(LifecycleBase.java:136)
		at org.apache.catalina.startup.Catalina.load(Catalina.java:639)
		at org.apache.catalina.startup.Catalina.load(Catalina.java:662)
		at sun.reflect.NativeMethodAccessorImpl.invoke0(Native Method)
		at sun.reflect.NativeMethodAccessorImpl.invoke(NativeMethodAccessorImpl.java:62)
		at sun.reflect.DelegatingMethodAccessorImpl.invoke(DelegatingMethodAccessorImpl.java:43)
		at java.lang.reflect.Method.invoke(Method.java:498)
		at org.apache.catalina.startup.Bootstrap.load(Bootstrap.java:305)
		at org.apache.catalina.startup.Bootstrap.main(Bootstrap.java:475)
	Caused by: java.net.BindException: Address already in use: bind
		at sun.nio.ch.Net.bind0(Native Method)
		at sun.nio.ch.Net.bind(Net.java:438)
		at sun.nio.ch.Net.bind(Net.java:430)
		at sun.nio.ch.ServerSocketChannelImpl.bind(ServerSocketChannelImpl.java:225)
		at sun.nio.ch.ServerSocketAdaptor.bind(ServerSocketAdaptor.java:74)
		at org.apache.tomcat.util.net.NioEndpoint.bind(NioEndpoint.java:221)
		at org.apache.tomcat.util.net.AbstractEndpoint.init(AbstractEndpoint.java:1147)
		at org.apache.tomcat.util.net.AbstractJsseEndpoint.init(AbstractJsseEndpoint.java:222)
		at org.apache.coyote.AbstractProtocol.init(AbstractProtocol.java:599)
		at org.apache.coyote.http11.AbstractHttp11Protocol.init(AbstractHttp11Protocol.java:80)
		at org.apache.catalina.connector.Connector.initInternal(Connector.java:1074)
		... 13 more
30-Oct-2021 11:34:20.161 정보 [main] org.apache.catalina.startup.Catalina.load Initialization processed in 393 ms
30-Oct-2021 11:34:20.229 정보 [main] org.apache.catalina.core.StandardService.startInternal 서비스 [Catalina]을(를) 시작합니다.
30-Oct-2021 11:34:20.229 정보 [main] org.apache.catalina.core.StandardEngine.startInternal 서버 엔진을 시작합니다: [Apache Tomcat/8.5.72]
30-Oct-2021 11:34:20.244 정보 [localhost-startStop-1] org.apache.catalina.startup.HostConfig.deployDirectory 웹 애플리케이션 디렉토리 [C:\JSP\apache-tomcat-8.5.72\webapps\docs]을(를) 배치합니다.
30-Oct-2021 11:34:20.529 경고 [localhost-startStop-1] org.apache.catalina.util.SessionIdGeneratorBase.createSecureRandom [SHA1PRNG] 알고리즘을 사용하여, 세션 ID를 생성하기 위한 SecureRandom 객체를 생성하는데, [147] 밀리초가 소요됐습니다.
30-Oct-2021 11:34:20.558 정보 [localhost-startStop-1] org.apache.catalina.startup.HostConfig.deployDirectory 웹 애플리케이션 디렉토리 [C:\JSP\apache-tomcat-8.5.72\webapps\docs]에 대한 배치가 [314] 밀리초에 완료되었습니다.
30-Oct-2021 11:34:20.558 정보 [localhost-startStop-1] org.apache.catalina.startup.HostConfig.deployDirectory 웹 애플리케이션 디렉토리 [C:\JSP\apache-tomcat-8.5.72\webapps\examples]을(를) 배치합니다.
30-Oct-2021 11:34:20.856 정보 [localhost-startStop-1] org.apache.catalina.startup.HostConfig.deployDirectory 웹 애플리케이션 디렉토리 [C:\JSP\apache-tomcat-8.5.72\webapps\examples]에 대한 배치가 [298] 밀리초에 완료되었습니다.
30-Oct-2021 11:34:20.856 정보 [localhost-startStop-1] org.apache.catalina.startup.HostConfig.deployDirectory 웹 애플리케이션 디렉토리 [C:\JSP\apache-tomcat-8.5.72\webapps\host-manager]을(를) 배치합니다.
30-Oct-2021 11:34:20.883 정보 [localhost-startStop-1] org.apache.catalina.startup.HostConfig.deployDirectory 웹 애플리케이션 디렉토리 [C:\JSP\apache-tomcat-8.5.72\webapps\host-manager]에 대한 배치가 [27] 밀리초에 완료되었습니다.
30-Oct-2021 11:34:20.883 정보 [localhost-startStop-1] org.apache.catalina.startup.HostConfig.deployDirectory 웹 애플리케이션 디렉토리 [C:\JSP\apache-tomcat-8.5.72\webapps\manager]을(를) 배치합니다.
30-Oct-2021 11:34:20.898 정보 [localhost-startStop-1] org.apache.catalina.startup.HostConfig.deployDirectory 웹 애플리케이션 디렉토리 [C:\JSP\apache-tomcat-8.5.72\webapps\manager]에 대한 배치가 [15] 밀리초에 완료되었습니다.
30-Oct-2021 11:34:20.898 정보 [localhost-startStop-1] org.apache.catalina.startup.HostConfig.deployDirectory 웹 애플리케이션 디렉토리 [C:\JSP\apache-tomcat-8.5.72\webapps\ROOT]을(를) 배치합니다.
30-Oct-2021 11:34:20.929 정보 [localhost-startStop-1] org.apache.catalina.startup.HostConfig.deployDirectory 웹 애플리케이션 디렉토리 [C:\JSP\apache-tomcat-8.5.72\webapps\ROOT]에 대한 배치가 [31] 밀리초에 완료되었습니다.
30-Oct-2021 11:34:20.929 정보 [main] org.apache.catalina.startup.Catalina.start Server startup in 758 ms
30-Oct-2021 11:34:20.939 심각 [main] org.apache.catalina.core.StandardServer.await StandardServer.await: create[localhost:8005]: 
	java.net.BindException: Address already in use: JVM_Bind
		at java.net.DualStackPlainSocketImpl.bind0(Native Method)
		at java.net.DualStackPlainSocketImpl.socketBind(DualStackPlainSocketImpl.java:102)
		at java.net.AbstractPlainSocketImpl.bind(AbstractPlainSocketImpl.java:513)
		at java.net.PlainSocketImpl.bind(PlainSocketImpl.java:180)
		at java.net.ServerSocket.bind(ServerSocket.java:375)
		at java.net.ServerSocket.<init>(ServerSocket.java:237)
		at org.apache.catalina.core.StandardServer.await(StandardServer.java:414)
		at org.apache.catalina.startup.Catalina.await(Catalina.java:776)
		at org.apache.catalina.startup.Catalina.start(Catalina.java:722)
		at sun.reflect.NativeMethodAccessorImpl.invoke0(Native Method)
		at sun.reflect.NativeMethodAccessorImpl.invoke(NativeMethodAccessorImpl.java:62)
		at sun.reflect.DelegatingMethodAccessorImpl.invoke(DelegatingMethodAccessorImpl.java:43)
		at java.lang.reflect.Method.invoke(Method.java:498)
		at org.apache.catalina.startup.Bootstrap.start(Bootstrap.java:345)
		at org.apache.catalina.startup.Bootstrap.main(Bootstrap.java:476)
30-Oct-2021 11:34:20.939 정보 [main] org.apache.coyote.AbstractProtocol.pause 프로토콜 핸들러 ["http-nio-8080"]을(를) 일시 정지 중
30-Oct-2021 11:34:20.939 정보 [main] org.apache.catalina.core.StandardService.stopInternal 서비스 [Catalina]을(를) 중지시킵니다.
30-Oct-2021 11:34:20.955 정보 [main] org.apache.coyote.AbstractProtocol.stop 프로토콜 핸들러 ["http-nio-8080"]을(를) 중지시킵니다.
30-Oct-2021 11:34:20.957 정보 [main] org.apache.coyote.AbstractProtocol.destroy 프로토콜 핸들러 ["http-nio-8080"]을(를) 소멸시킵니다.
